Build started 2016/1/21 0:01:29.
     1>Project "E:\end\firstCompilePrograme\firstCompilePrograme\firstCompilePrograme.vcxproj" on node 2 (Build target(s)).
     1>ClCompile:
         D:\Program Files\vs2013\VC\bin\x86_amd64\CL.exe /c /Zi /nologo /W3 /WX- /sdl /Od /D WIN32 /D _DEBUG /D _CONSOLE /D _LIB /D _UNICODE /D UNICODE /Gm /EHsc /RTC1 /MDd /GS /fp:precise /Zc:wchar_t /Zc:forScope /Fo"x64\Debug\\" /Fd"x64\Debug\vc120.pdb" /Gd /TP /errorReport:prompt first.cpp
         first.cpp
     1>first.cpp(1): fatal error C1083: Cannot open include file: 'opencv2/objdetect.hpp': No such file or directory
     1>Done Building Project "E:\end\firstCompilePrograme\firstCompilePrograme\firstCompilePrograme.vcxproj" (Build target(s)) -- FAILED.

Build FAILED.

Time Elapsed 00:00:01.15
